<?xml version="1.0" encoding="UTF-8" ?>
<testsuite tests="26" failures="0" name="microservices.AssociationsTest" time="0.046" errors="0" skipped="0">
  <properties>
    <property name="java.runtime.name" value="Java(TM) SE Runtime Environment"/>
    <property name="java.vm.version" value="19+36-2238"/>
    <property name="sun.boot.library.path" value="/Library/Java/JavaVirtualMachines/jdk-19.jdk/Contents/Home/lib"/>
    <property name="maven.multiModuleProjectDirectory" value="/Users/mkonidala/Downloads/520_project/Project/EventBoardBackEnd"/>
    <property name="java.vm.vendor" value="Oracle Corporation"/>
    <property name="java.vendor.url" value="https://java.oracle.com/"/>
    <property name="guice.disable.misplaced.annotation.check" value="true"/>
    <property name="path.separator" value=":"/>
    <property name="java.vm.name" value="Java HotSpot(TM) 64-Bit Server VM"/>
    <property name="user.country" value="US"/>
    <property name="sun.java.launcher" value="SUN_STANDARD"/>
    <property name="java.vm.specification.name" value="Java Virtual Machine Specification"/>
    <property name="user.dir" value="/Users/mkonidala/Downloads/520_project/Project/EventBoardBackEnd"/>
    <property name="java.vm.compressedOopsMode" value="Zero based"/>
    <property name="java.runtime.version" value="19+36-2238"/>
    <property name="os.arch" value="aarch64"/>
    <property name="java.io.tmpdir" value="/var/folders/n8/97lfntcx3bn00__ll4b7kszc0000gn/T/"/>
    <property name="line.separator" value="
"/>
    <property name="java.vm.specification.vendor" value="Oracle Corporation"/>
    <property name="stderr.encoding" value="UTF-8"/>
    <property name="os.name" value="Mac OS X"/>
    <property name="maven.ext.class.path" value="/Applications/NetBeans/Apache NetBeans 15.app/Contents/Resources/NetBeans/netbeans/java/maven-nblib/netbeans-eventspy.jar"/>
    <property name="classworlds.conf" value="/Applications/NetBeans/Apache NetBeans 15.app/Contents/Resources/NetBeans/netbeans/java/maven/bin/m2.conf"/>
    <property name="sun.jnu.encoding" value="UTF-8"/>
    <property name="stdout.encoding" value="UTF-8"/>
    <property name="java.library.path" value="/Users/mkonidala/Library/Java/Extensions:/Library/Java/Extensions:/Network/Library/Java/Extensions:/System/Library/Java/Extensions:/usr/lib/java:."/>
    <property name="maven.conf" value="/Applications/NetBeans/Apache NetBeans 15.app/Contents/Resources/NetBeans/netbeans/java/maven/conf"/>
    <property name="jdk.debug" value="release"/>
    <property name="java.class.version" value="63.0"/>
    <property name="java.specification.name" value="Java Platform API Specification"/>
    <property name="sun.management.compiler" value="HotSpot 64-Bit Tiered Compilers"/>
    <property name="os.version" value="12.2"/>
    <property name="library.jansi.path" value="/Applications/NetBeans/Apache NetBeans 15.app/Contents/Resources/NetBeans/netbeans/java/maven/lib/jansi-native"/>
    <property name="http.nonProxyHosts" value="local|*.local|169.254/16|*.169.254/16"/>
    <property name="user.home" value="/Users/mkonidala"/>
    <property name="user.timezone" value="America/New_York"/>
    <property name="file.encoding" value="UTF-8"/>
    <property name="java.specification.version" value="19"/>
    <property name="user.name" value="mkonidala"/>
    <property name="java.class.path" value="/Applications/NetBeans/Apache NetBeans 15.app/Contents/Resources/NetBeans/netbeans/java/maven/boot/plexus-classworlds-2.6.0.jar"/>
    <property name="java.vm.specification.version" value="19"/>
    <property name="sun.arch.data.model" value="64"/>
    <property name="sun.java.command" value="org.codehaus.plexus.classworlds.launcher.Launcher -Dmaven.ext.class.path=/Applications/NetBeans/Apache NetBeans 15.app/Contents/Resources/NetBeans/netbeans/java/maven-nblib/netbeans-eventspy.jar clean install"/>
    <property name="java.home" value="/Library/Java/JavaVirtualMachines/jdk-19.jdk/Contents/Home"/>
    <property name="apple.awt.application.name" value="Launcher"/>
    <property name="user.language" value="en"/>
    <property name="java.specification.vendor" value="Oracle Corporation"/>
    <property name="java.vm.info" value="mixed mode, sharing"/>
    <property name="java.version" value="19"/>
    <property name="native.encoding" value="UTF-8"/>
    <property name="java.vendor" value="Oracle Corporation"/>
    <property name="maven.home" value="/Applications/NetBeans/Apache NetBeans 15.app/Contents/Resources/NetBeans/netbeans/java/maven"/>
    <property name="file.separator" value="/"/>
    <property name="java.version.date" value="2022-09-20"/>
    <property name="java.vendor.url.bug" value="https://bugreport.java.com/bugreport/"/>
    <property name="sun.io.unicode.encoding" value="UnicodeBig"/>
    <property name="sun.cpu.endian" value="little"/>
    <property name="socksNonProxyHosts" value="local|*.local|169.254/16|*.169.254/16"/>
    <property name="ftp.nonProxyHosts" value="local|*.local|169.254/16|*.169.254/16"/>
  </properties>
  <testcase classname="microservices.AssociationsTest" name="test10" time="0.003"/>
  <testcase classname="microservices.AssociationsTest" name="test11" time="0"/>
  <testcase classname="microservices.AssociationsTest" name="test12" time="0.005"/>
  <testcase classname="microservices.AssociationsTest" name="test13" time="0.001"/>
  <testcase classname="microservices.AssociationsTest" name="test14" time="0"/>
  <testcase classname="microservices.AssociationsTest" name="test15" time="0.002"/>
  <testcase classname="microservices.AssociationsTest" name="test16" time="0.008"/>
  <testcase classname="microservices.AssociationsTest" name="test17" time="0.002"/>
  <testcase classname="microservices.AssociationsTest" name="test18" time="0.009"/>
  <testcase classname="microservices.AssociationsTest" name="test19" time="0.002"/>
  <testcase classname="microservices.AssociationsTest" name="test20" time="0.001"/>
  <testcase classname="microservices.AssociationsTest" name="test21" time="0"/>
  <testcase classname="microservices.AssociationsTest" name="test22" time="0.001"/>
  <testcase classname="microservices.AssociationsTest" name="test23" time="0.001"/>
  <testcase classname="microservices.AssociationsTest" name="test24" time="0.001"/>
  <testcase classname="microservices.AssociationsTest" name="test25" time="0.001"/>
  <testcase classname="microservices.AssociationsTest" name="test26" time="0.001"/>
  <testcase classname="microservices.AssociationsTest" name="test1" time="0"/>
  <testcase classname="microservices.AssociationsTest" name="test2" time="0.001"/>
  <testcase classname="microservices.AssociationsTest" name="test3" time="0.001"/>
  <testcase classname="microservices.AssociationsTest" name="test4" time="0.002"/>
  <testcase classname="microservices.AssociationsTest" name="test5" time="0.001"/>
  <testcase classname="microservices.AssociationsTest" name="test6" time="0"/>
  <testcase classname="microservices.AssociationsTest" name="test7" time="0.002"/>
  <testcase classname="microservices.AssociationsTest" name="test8" time="0"/>
  <testcase classname="microservices.AssociationsTest" name="test9" time="0.001"/>
</testsuite>